<?xml version="1.0" encoding="UTF-8"?>
<!-- Generated by org.testng.reporters.JUnitReportReporter -->
<testsuite hostname="DC5CG1033BGM" failures="0" tests="1" name="com.cars.tests.RegisterTest" time="4.550" errors="0" timestamp="06 Sep 2021 04:09:55 GMT" skipped="0">
  <testcase classname="com.cars.tests.RegisterTest" name="As_a_new_user_I_can_register_to_buggy_rating_website" time="4.550"/>
</testsuite> <!-- com.cars.tests.RegisterTest -->
