<?xml version="1.0" encoding="UTF-8"?>
<!-- Generated by org.testng.reporters.JUnitReportReporter -->
<testsuite hostname="DC5CG1033BGM" failures="0" tests="1" name="com.cars.tests.RegisterDataDriven_NegativeTests" time="3.554" errors="0" timestamp="06 Sep 2021 04:09:55 GMT" skipped="0">
  <testcase classname="com.cars.tests.RegisterDataDriven_NegativeTests" name="As_a_tester_I_am_validating_invalid_Registeration_inputs" time="3.554"/>
</testsuite> <!-- com.cars.tests.RegisterDataDriven_NegativeTests -->
