<?xml version="1.0" encoding="UTF-8"?>
<!-- Generated by org.testng.reporters.JUnitReportReporter -->
<testsuite hostname="DC5CG1033BGM" failures="0" tests="1" name="com.cars.tests.UpdateProfile" time="2.089" errors="0" timestamp="06 Sep 2021 04:09:55 GMT" skipped="0">
  <testcase classname="com.cars.tests.UpdateProfile" name="As_a_user_when_I_update_firstname_it_should_reflect_on_the_header_greeting" time="2.089"/>
</testsuite> <!-- com.cars.tests.UpdateProfile -->
