<?xml version="1.0" encoding="UTF-8"?>
<!-- Generated by org.testng.reporters.JUnitReportReporter -->
<testsuite hostname="DC5CG1033BGM" failures="0" tests="1" name="com.cars.tests.LoginTest" time="3.563" errors="0" timestamp="06 Sep 2021 04:09:55 GMT" skipped="0">
  <testcase classname="com.cars.tests.LoginTest" name="As_a_user_I_can_Login_vote_Logout" time="3.563"/>
</testsuite> <!-- com.cars.tests.LoginTest -->
